<?xml version="1.0" encoding="UTF-8"?>
<!-- Generated by org.testng.reporters.JUnitReportReporter -->
<testsuite hostname="LAPTOP-SA1OR4RC" failures="0" tests="5" name="TestRunner.AppTest" time="100.829" errors="0" timestamp="2026-03-09T13:55:02 IST" skipped="0">
  <testcase classname="TestRunner.AppTest" name="runScenario" time="21.052"/>
  <testcase classname="TestRunner.AppTest" name="runScenario" time="18.869"/>
  <testcase classname="TestRunner.AppTest" name="runScenario" time="21.867"/>
  <testcase classname="TestRunner.AppTest" name="runScenario" time="23.119"/>
  <testcase classname="TestRunner.AppTest" name="runScenario" time="15.922"/>
</testsuite> <!-- TestRunner.AppTest -->
