<?xml version="1.0" encoding="UTF-8"?>
<!-- Generated by org.testng.reporters.JUnitReportReporter -->
<testsuite hostname="LAPTOP-SA1OR4RC" failures="0" tests="5" name="TestRunner.AppTest" time="86.620" errors="0" timestamp="2026-03-09T13:28:23 IST" skipped="0">
  <testcase classname="TestRunner.AppTest" name="runScenario" time="19.080"/>
  <testcase classname="TestRunner.AppTest" name="runScenario" time="17.224"/>
  <testcase classname="TestRunner.AppTest" name="runScenario" time="17.223"/>
  <testcase classname="TestRunner.AppTest" name="runScenario" time="16.354"/>
  <testcase classname="TestRunner.AppTest" name="runScenario" time="16.739"/>
</testsuite> <!-- TestRunner.AppTest -->
